<?xml version="1.0" encoding="UTF-8"?>
<testsuite xmlns:xsi="http://www.w3.org/2001/XMLSchema-instance" xsi:noNamespaceSchemaLocation="https://maven.apache.org/surefire/maven-surefire-plugin/xsd/surefire-test-report.xsd" name="com.why.home.back_end.BackEndApplicationTests" time="10.81" tests="1" errors="0" skipped="0" failures="0">
  <properties>
    <property name="sun.desktop" value="windows"/>
    <property name="awt.toolkit" value="sun.awt.windows.WToolkit"/>
    <property name="file.encoding.pkg" value="sun.io"/>
    <property name="java.specification.version" value="1.8"/>
    <property name="sun.cpu.isalist" value="amd64"/>
    <property name="sun.jnu.encoding" value="GBK"/>
    <property name="java.class.path" value="D:\IdeaProjects\why_home-master\target\test-classes;D:\IdeaProjects\why_home-master\target\classes;C:\Users\zero\.m2\repository\org\springframework\boot\spring-boot-starter-aop\2.2.10.BUILD-SNAPSHOT\spring-boot-starter-aop-2.2.10.BUILD-SNAPSHOT.jar;C:\Users\zero\.m2\repository\org\springframework\boot\spring-boot-starter\2.2.10.BUILD-SNAPSHOT\spring-boot-starter-2.2.10.BUILD-SNAPSHOT.jar;C:\Users\zero\.m2\repository\org\springframework\boot\spring-boot-starter-logging\2.2.10.BUILD-SNAPSHOT\spring-boot-starter-logging-2.2.10.BUILD-SNAPSHOT.jar;C:\Users\zero\.m2\repository\ch\qos\logback\logback-classic\1.2.3\logback-classic-1.2.3.jar;C:\Users\zero\.m2\repository\ch\qos\logback\logback-core\1.2.3\logback-core-1.2.3.jar;C:\Users\zero\.m2\repository\org\apache\logging\log4j\log4j-to-slf4j\2.12.1\log4j-to-slf4j-2.12.1.jar;C:\Users\zero\.m2\repository\org\apache\logging\log4j\log4j-api\2.12.1\log4j-api-2.12.1.jar;C:\Users\zero\.m2\repository\org\slf4j\jul-to-slf4j\1.7.30\jul-to-slf4j-1.7.30.jar;C:\Users\zero\.m2\repository\jakarta\annotation\jakarta.annotation-api\1.3.5\jakarta.annotation-api-1.3.5.jar;C:\Users\zero\.m2\repository\org\yaml\snakeyaml\1.25\snakeyaml-1.25.jar;C:\Users\zero\.m2\repository\org\springframework\spring-aop\5.2.9.BUILD-SNAPSHOT\spring-aop-5.2.9.BUILD-SNAPSHOT.jar;C:\Users\zero\.m2\repository\org\springframework\spring-beans\5.2.9.BUILD-SNAPSHOT\spring-beans-5.2.9.BUILD-SNAPSHOT.jar;C:\Users\zero\.m2\repository\org\aspectj\aspectjweaver\1.9.6\aspectjweaver-1.9.6.jar;C:\Users\zero\.m2\repository\org\springframework\boot\spring-boot-starter-data-jpa\2.2.10.BUILD-SNAPSHOT\spring-boot-starter-data-jpa-2.2.10.BUILD-SNAPSHOT.jar;C:\Users\zero\.m2\repository\org\springframework\boot\spring-boot-starter-jdbc\2.2.10.BUILD-SNAPSHOT\spring-boot-starter-jdbc-2.2.10.BUILD-SNAPSHOT.jar;C:\Users\zero\.m2\repository\com\zaxxer\HikariCP\3.4.5\HikariCP-3.4.5.jar;C:\Users\zero\.m2\repository\org\springframework\spring-jdbc\5.2.9.BUILD-SNAPSHOT\spring-jdbc-5.2.9.BUILD-SNAPSHOT.jar;C:\Users\zero\.m2\repository\jakarta\persistence\jakarta.persistence-api\2.2.3\jakarta.persistence-api-2.2.3.jar;C:\Users\zero\.m2\repository\jakarta\transaction\jakarta.transaction-api\1.3.3\jakarta.transaction-api-1.3.3.jar;C:\Users\zero\.m2\repository\org\hibernate\hibernate-core\5.4.18.Final\hibernate-core-5.4.18.Final.jar;C:\Users\zero\.m2\repository\org\jboss\logging\jboss-logging\3.4.1.Final\jboss-logging-3.4.1.Final.jar;C:\Users\zero\.m2\repository\org\javassist\javassist\3.24.0-GA\javassist-3.24.0-GA.jar;C:\Users\zero\.m2\repository\net\bytebuddy\byte-buddy\1.10.13\byte-buddy-1.10.13.jar;C:\Users\zero\.m2\repository\antlr\antlr\2.7.7\antlr-2.7.7.jar;C:\Users\zero\.m2\repository\org\jboss\jandex\2.1.3.Final\jandex-2.1.3.Final.jar;C:\Users\zero\.m2\repository\com\fasterxml\classmate\1.5.1\classmate-1.5.1.jar;C:\Users\zero\.m2\repository\org\dom4j\dom4j\2.1.3\dom4j-2.1.3.jar;C:\Users\zero\.m2\repository\org\hibernate\common\hibernate-commons-annotations\5.1.0.Final\hibernate-commons-annotations-5.1.0.Final.jar;C:\Users\zero\.m2\repository\org\glassfish\jaxb\jaxb-runtime\2.3.3\jaxb-runtime-2.3.3.jar;C:\Users\zero\.m2\repository\org\glassfish\jaxb\txw2\2.3.3\txw2-2.3.3.jar;C:\Users\zero\.m2\repository\com\sun\istack\istack-commons-runtime\3.0.11\istack-commons-runtime-3.0.11.jar;C:\Users\zero\.m2\repository\com\sun\activation\jakarta.activation\1.2.2\jakarta.activation-1.2.2.jar;C:\Users\zero\.m2\repository\org\springframework\data\spring-data-jpa\2.2.10.BUILD-SNAPSHOT\spring-data-jpa-2.2.10.BUILD-SNAPSHOT.jar;C:\Users\zero\.m2\repository\org\springframework\data\spring-data-commons\2.2.10.BUILD-SNAPSHOT\spring-data-commons-2.2.10.BUILD-SNAPSHOT.jar;C:\Users\zero\.m2\repository\org\springframework\spring-orm\5.2.9.BUILD-SNAPSHOT\spring-orm-5.2.9.BUILD-SNAPSHOT.jar;C:\Users\zero\.m2\repository\org\springframework\spring-context\5.2.9.BUILD-SNAPSHOT\spring-context-5.2.9.BUILD-SNAPSHOT.jar;C:\Users\zero\.m2\repository\org\springframework\spring-tx\5.2.9.BUILD-SNAPSHOT\spring-tx-5.2.9.BUILD-SNAPSHOT.jar;C:\Users\zero\.m2\repository\org\slf4j\slf4j-api\1.7.30\slf4j-api-1.7.30.jar;C:\Users\zero\.m2\repository\org\springframework\spring-aspects\5.2.9.BUILD-SNAPSHOT\spring-aspects-5.2.9.BUILD-SNAPSHOT.jar;C:\Users\zero\.m2\repository\org\springframework\boot\spring-boot-starter-thymeleaf\2.2.10.BUILD-SNAPSHOT\spring-boot-starter-thymeleaf-2.2.10.BUILD-SNAPSHOT.jar;C:\Users\zero\.m2\repository\org\thymeleaf\thymeleaf-spring5\3.0.11.RELEASE\thymeleaf-spring5-3.0.11.RELEASE.jar;C:\Users\zero\.m2\repository\org\thymeleaf\thymeleaf\3.0.11.RELEASE\thymeleaf-3.0.11.RELEASE.jar;C:\Users\zero\.m2\repository\org\attoparser\attoparser\2.0.5.RELEASE\attoparser-2.0.5.RELEASE.jar;C:\Users\zero\.m2\repository\org\unbescape\unbescape\1.1.6.RELEASE\unbescape-1.1.6.RELEASE.jar;C:\Users\zero\.m2\repository\org\thymeleaf\extras\thymeleaf-extras-java8time\3.0.4.RELEASE\thymeleaf-extras-java8time-3.0.4.RELEASE.jar;C:\Users\zero\.m2\repository\org\springframework\boot\spring-boot-starter-web\2.2.10.BUILD-SNAPSHOT\spring-boot-starter-web-2.2.10.BUILD-SNAPSHOT.jar;C:\Users\zero\.m2\repository\org\springframework\boot\spring-boot-starter-json\2.2.10.BUILD-SNAPSHOT\spring-boot-starter-json-2.2.10.BUILD-SNAPSHOT.jar;C:\Users\zero\.m2\repository\com\fasterxml\jackson\core\jackson-databind\2.10.5\jackson-databind-2.10.5.jar;C:\Users\zero\.m2\repository\com\fasterxml\jackson\core\jackson-annotations\2.10.5\jackson-annotations-2.10.5.jar;C:\Users\zero\.m2\repository\com\fasterxml\jackson\core\jackson-core\2.10.5\jackson-core-2.10.5.jar;C:\Users\zero\.m2\repository\com\fasterxml\jackson\datatype\jackson-datatype-jdk8\2.10.5\jackson-datatype-jdk8-2.10.5.jar;C:\Users\zero\.m2\repository\com\fasterxml\jackson\datatype\jackson-datatype-jsr310\2.10.5\jackson-datatype-jsr310-2.10.5.jar;C:\Users\zero\.m2\repository\com\fasterxml\jackson\module\jackson-module-parameter-names\2.10.5\jackson-module-parameter-names-2.10.5.jar;C:\Users\zero\.m2\repository\org\springframework\boot\spring-boot-starter-tomcat\2.2.10.BUILD-SNAPSHOT\spring-boot-starter-tomcat-2.2.10.BUILD-SNAPSHOT.jar;C:\Users\zero\.m2\repository\org\apache\tomcat\embed\tomcat-embed-core\9.0.37\tomcat-embed-core-9.0.37.jar;C:\Users\zero\.m2\repository\org\apache\tomcat\embed\tomcat-embed-el\9.0.37\tomcat-embed-el-9.0.37.jar;C:\Users\zero\.m2\repository\org\apache\tomcat\embed\tomcat-embed-websocket\9.0.37\tomcat-embed-websocket-9.0.37.jar;C:\Users\zero\.m2\repository\org\springframework\boot\spring-boot-starter-validation\2.2.10.BUILD-SNAPSHOT\spring-boot-starter-validation-2.2.10.BUILD-SNAPSHOT.jar;C:\Users\zero\.m2\repository\jakarta\validation\jakarta.validation-api\2.0.2\jakarta.validation-api-2.0.2.jar;C:\Users\zero\.m2\repository\org\hibernate\validator\hibernate-validator\6.0.20.Final\hibernate-validator-6.0.20.Final.jar;C:\Users\zero\.m2\repository\org\springframework\spring-web\5.2.9.BUILD-SNAPSHOT\spring-web-5.2.9.BUILD-SNAPSHOT.jar;C:\Users\zero\.m2\repository\org\springframework\spring-webmvc\5.2.9.BUILD-SNAPSHOT\spring-webmvc-5.2.9.BUILD-SNAPSHOT.jar;C:\Users\zero\.m2\repository\org\springframework\spring-expression\5.2.9.BUILD-SNAPSHOT\spring-expression-5.2.9.BUILD-SNAPSHOT.jar;C:\Users\zero\.m2\repository\org\springframework\boot\spring-boot-devtools\2.2.10.BUILD-SNAPSHOT\spring-boot-devtools-2.2.10.BUILD-SNAPSHOT.jar;C:\Users\zero\.m2\repository\org\springframework\boot\spring-boot\2.2.10.BUILD-SNAPSHOT\spring-boot-2.2.10.BUILD-SNAPSHOT.jar;C:\Users\zero\.m2\repository\org\springframework\boot\spring-boot-autoconfigure\2.2.10.BUILD-SNAPSHOT\spring-boot-autoconfigure-2.2.10.BUILD-SNAPSHOT.jar;C:\Users\zero\.m2\repository\mysql\mysql-connector-java\8.0.21\mysql-connector-java-8.0.21.jar;C:\Users\zero\.m2\repository\org\springframework\boot\spring-boot-starter-test\2.2.10.BUILD-SNAPSHOT\spring-boot-starter-test-2.2.10.BUILD-SNAPSHOT.jar;C:\Users\zero\.m2\repository\org\springframework\boot\spring-boot-test\2.2.10.BUILD-SNAPSHOT\spring-boot-test-2.2.10.BUILD-SNAPSHOT.jar;C:\Users\zero\.m2\repository\org\springframework\boot\spring-boot-test-autoconfigure\2.2.10.BUILD-SNAPSHOT\spring-boot-test-autoconfigure-2.2.10.BUILD-SNAPSHOT.jar;C:\Users\zero\.m2\repository\com\jayway\jsonpath\json-path\2.4.0\json-path-2.4.0.jar;C:\Users\zero\.m2\repository\net\minidev\json-smart\2.3\json-smart-2.3.jar;C:\Users\zero\.m2\repository\net\minidev\accessors-smart\1.2\accessors-smart-1.2.jar;C:\Users\zero\.m2\repository\org\ow2\asm\asm\5.0.4\asm-5.0.4.jar;C:\Users\zero\.m2\repository\jakarta\xml\bind\jakarta.xml.bind-api\2.3.3\jakarta.xml.bind-api-2.3.3.jar;C:\Users\zero\.m2\repository\jakarta\activation\jakarta.activation-api\1.2.2\jakarta.activation-api-1.2.2.jar;C:\Users\zero\.m2\repository\org\junit\jupiter\junit-jupiter\5.5.2\junit-jupiter-5.5.2.jar;C:\Users\zero\.m2\repository\org\junit\jupiter\junit-jupiter-api\5.5.2\junit-jupiter-api-5.5.2.jar;C:\Users\zero\.m2\repository\org\apiguardian\apiguardian-api\1.1.0\apiguardian-api-1.1.0.jar;C:\Users\zero\.m2\repository\org\opentest4j\opentest4j\1.2.0\opentest4j-1.2.0.jar;C:\Users\zero\.m2\repository\org\junit\platform\junit-platform-commons\1.5.2\junit-platform-commons-1.5.2.jar;C:\Users\zero\.m2\repository\org\junit\jupiter\junit-jupiter-params\5.5.2\junit-jupiter-params-5.5.2.jar;C:\Users\zero\.m2\repository\org\junit\jupiter\junit-jupiter-engine\5.5.2\junit-jupiter-engine-5.5.2.jar;C:\Users\zero\.m2\repository\org\junit\platform\junit-platform-engine\1.5.2\junit-platform-engine-1.5.2.jar;C:\Users\zero\.m2\repository\org\mockito\mockito-junit-jupiter\3.1.0\mockito-junit-jupiter-3.1.0.jar;C:\Users\zero\.m2\repository\org\assertj\assertj-core\3.13.2\assertj-core-3.13.2.jar;C:\Users\zero\.m2\repository\org\hamcrest\hamcrest\2.1\hamcrest-2.1.jar;C:\Users\zero\.m2\repository\org\mockito\mockito-core\3.1.0\mockito-core-3.1.0.jar;C:\Users\zero\.m2\repository\net\bytebuddy\byte-buddy-agent\1.10.13\byte-buddy-agent-1.10.13.jar;C:\Users\zero\.m2\repository\org\objenesis\objenesis\2.6\objenesis-2.6.jar;C:\Users\zero\.m2\repository\org\skyscreamer\jsonassert\1.5.0\jsonassert-1.5.0.jar;C:\Users\zero\.m2\repository\com\vaadin\external\google\android-json\0.0.20131108.vaadin1\android-json-0.0.20131108.vaadin1.jar;C:\Users\zero\.m2\repository\org\springframework\spring-core\5.2.9.BUILD-SNAPSHOT\spring-core-5.2.9.BUILD-SNAPSHOT.jar;C:\Users\zero\.m2\repository\org\springframework\spring-jcl\5.2.9.BUILD-SNAPSHOT\spring-jcl-5.2.9.BUILD-SNAPSHOT.jar;C:\Users\zero\.m2\repository\org\springframework\spring-test\5.2.9.BUILD-SNAPSHOT\spring-test-5.2.9.BUILD-SNAPSHOT.jar;C:\Users\zero\.m2\repository\org\xmlunit\xmlunit-core\2.6.4\xmlunit-core-2.6.4.jar;C:\Users\zero\.m2\repository\com\atlassian\commonmark\commonmark\0.15.2\commonmark-0.15.2.jar;C:\Users\zero\.m2\repository\com\atlassian\commonmark\commonmark-ext-heading-anchor\0.15.2\commonmark-ext-heading-anchor-0.15.2.jar;C:\Users\zero\.m2\repository\com\atlassian\commonmark\commonmark-ext-gfm-tables\0.15.2\commonmark-ext-gfm-tables-0.15.2.jar;"/>
    <property name="java.vm.vendor" value="Oracle Corporation"/>
    <property name="sun.arch.data.model" value="64"/>
    <property name="user.variant" value=""/>
    <property name="java.vendor.url" value="http://java.oracle.com/"/>
    <property name="user.timezone" value="Asia/Shanghai"/>
    <property name="java.vm.specification.version" value="1.8"/>
    <property name="os.name" value="Windows 10"/>
    <property name="user.country" value="CN"/>
    <property name="sun.java.launcher" value="SUN_STANDARD"/>
    <property name="sun.boot.library.path" value="D:\environment\java_1.8_261\jre\bin"/>
    <property name="sun.java.command" value="C:\Users\zero\AppData\Local\Temp\surefire5273520715805256493\surefirebooter4578400977847052636.jar C:\Users\zero\AppData\Local\Temp\surefire5273520715805256493 2020-09-14T15-39-02_145-jvmRun1 surefire7053378368781004374tmp surefire_08152937408463474558tmp"/>
    <property name="surefire.test.class.path" value="D:\IdeaProjects\why_home-master\target\test-classes;D:\IdeaProjects\why_home-master\target\classes;C:\Users\zero\.m2\repository\org\springframework\boot\spring-boot-starter-aop\2.2.10.BUILD-SNAPSHOT\spring-boot-starter-aop-2.2.10.BUILD-SNAPSHOT.jar;C:\Users\zero\.m2\repository\org\springframework\boot\spring-boot-starter\2.2.10.BUILD-SNAPSHOT\spring-boot-starter-2.2.10.BUILD-SNAPSHOT.jar;C:\Users\zero\.m2\repository\org\springframework\boot\spring-boot-starter-logging\2.2.10.BUILD-SNAPSHOT\spring-boot-starter-logging-2.2.10.BUILD-SNAPSHOT.jar;C:\Users\zero\.m2\repository\ch\qos\logback\logback-classic\1.2.3\logback-classic-1.2.3.jar;C:\Users\zero\.m2\repository\ch\qos\logback\logback-core\1.2.3\logback-core-1.2.3.jar;C:\Users\zero\.m2\repository\org\apache\logging\log4j\log4j-to-slf4j\2.12.1\log4j-to-slf4j-2.12.1.jar;C:\Users\zero\.m2\repository\org\apache\logging\log4j\log4j-api\2.12.1\log4j-api-2.12.1.jar;C:\Users\zero\.m2\repository\org\slf4j\jul-to-slf4j\1.7.30\jul-to-slf4j-1.7.30.jar;C:\Users\zero\.m2\repository\jakarta\annotation\jakarta.annotation-api\1.3.5\jakarta.annotation-api-1.3.5.jar;C:\Users\zero\.m2\repository\org\yaml\snakeyaml\1.25\snakeyaml-1.25.jar;C:\Users\zero\.m2\repository\org\springframework\spring-aop\5.2.9.BUILD-SNAPSHOT\spring-aop-5.2.9.BUILD-SNAPSHOT.jar;C:\Users\zero\.m2\repository\org\springframework\spring-beans\5.2.9.BUILD-SNAPSHOT\spring-beans-5.2.9.BUILD-SNAPSHOT.jar;C:\Users\zero\.m2\repository\org\aspectj\aspectjweaver\1.9.6\aspectjweaver-1.9.6.jar;C:\Users\zero\.m2\repository\org\springframework\boot\spring-boot-starter-data-jpa\2.2.10.BUILD-SNAPSHOT\spring-boot-starter-data-jpa-2.2.10.BUILD-SNAPSHOT.jar;C:\Users\zero\.m2\repository\org\springframework\boot\spring-boot-starter-jdbc\2.2.10.BUILD-SNAPSHOT\spring-boot-starter-jdbc-2.2.10.BUILD-SNAPSHOT.jar;C:\Users\zero\.m2\repository\com\zaxxer\HikariCP\3.4.5\HikariCP-3.4.5.jar;C:\Users\zero\.m2\repository\org\springframework\spring-jdbc\5.2.9.BUILD-SNAPSHOT\spring-jdbc-5.2.9.BUILD-SNAPSHOT.jar;C:\Users\zero\.m2\repository\jakarta\persistence\jakarta.persistence-api\2.2.3\jakarta.persistence-api-2.2.3.jar;C:\Users\zero\.m2\repository\jakarta\transaction\jakarta.transaction-api\1.3.3\jakarta.transaction-api-1.3.3.jar;C:\Users\zero\.m2\repository\org\hibernate\hibernate-core\5.4.18.Final\hibernate-core-5.4.18.Final.jar;C:\Users\zero\.m2\repository\org\jboss\logging\jboss-logging\3.4.1.Final\jboss-logging-3.4.1.Final.jar;C:\Users\zero\.m2\repository\org\javassist\javassist\3.24.0-GA\javassist-3.24.0-GA.jar;C:\Users\zero\.m2\repository\net\bytebuddy\byte-buddy\1.10.13\byte-buddy-1.10.13.jar;C:\Users\zero\.m2\repository\antlr\antlr\2.7.7\antlr-2.7.7.jar;C:\Users\zero\.m2\repository\org\jboss\jandex\2.1.3.Final\jandex-2.1.3.Final.jar;C:\Users\zero\.m2\repository\com\fasterxml\classmate\1.5.1\classmate-1.5.1.jar;C:\Users\zero\.m2\repository\org\dom4j\dom4j\2.1.3\dom4j-2.1.3.jar;C:\Users\zero\.m2\repository\org\hibernate\common\hibernate-commons-annotations\5.1.0.Final\hibernate-commons-annotations-5.1.0.Final.jar;C:\Users\zero\.m2\repository\org\glassfish\jaxb\jaxb-runtime\2.3.3\jaxb-runtime-2.3.3.jar;C:\Users\zero\.m2\repository\org\glassfish\jaxb\txw2\2.3.3\txw2-2.3.3.jar;C:\Users\zero\.m2\repository\com\sun\istack\istack-commons-runtime\3.0.11\istack-commons-runtime-3.0.11.jar;C:\Users\zero\.m2\repository\com\sun\activation\jakarta.activation\1.2.2\jakarta.activation-1.2.2.jar;C:\Users\zero\.m2\repository\org\springframework\data\spring-data-jpa\2.2.10.BUILD-SNAPSHOT\spring-data-jpa-2.2.10.BUILD-SNAPSHOT.jar;C:\Users\zero\.m2\repository\org\springframework\data\spring-data-commons\2.2.10.BUILD-SNAPSHOT\spring-data-commons-2.2.10.BUILD-SNAPSHOT.jar;C:\Users\zero\.m2\repository\org\springframework\spring-orm\5.2.9.BUILD-SNAPSHOT\spring-orm-5.2.9.BUILD-SNAPSHOT.jar;C:\Users\zero\.m2\repository\org\springframework\spring-context\5.2.9.BUILD-SNAPSHOT\spring-context-5.2.9.BUILD-SNAPSHOT.jar;C:\Users\zero\.m2\repository\org\springframework\spring-tx\5.2.9.BUILD-SNAPSHOT\spring-tx-5.2.9.BUILD-SNAPSHOT.jar;C:\Users\zero\.m2\repository\org\slf4j\slf4j-api\1.7.30\slf4j-api-1.7.30.jar;C:\Users\zero\.m2\repository\org\springframework\spring-aspects\5.2.9.BUILD-SNAPSHOT\spring-aspects-5.2.9.BUILD-SNAPSHOT.jar;C:\Users\zero\.m2\repository\org\springframework\boot\spring-boot-starter-thymeleaf\2.2.10.BUILD-SNAPSHOT\spring-boot-starter-thymeleaf-2.2.10.BUILD-SNAPSHOT.jar;C:\Users\zero\.m2\repository\org\thymeleaf\thymeleaf-spring5\3.0.11.RELEASE\thymeleaf-spring5-3.0.11.RELEASE.jar;C:\Users\zero\.m2\repository\org\thymeleaf\thymeleaf\3.0.11.RELEASE\thymeleaf-3.0.11.RELEASE.jar;C:\Users\zero\.m2\repository\org\attoparser\attoparser\2.0.5.RELEASE\attoparser-2.0.5.RELEASE.jar;C:\Users\zero\.m2\repository\org\unbescape\unbescape\1.1.6.RELEASE\unbescape-1.1.6.RELEASE.jar;C:\Users\zero\.m2\repository\org\thymeleaf\extras\thymeleaf-extras-java8time\3.0.4.RELEASE\thymeleaf-extras-java8time-3.0.4.RELEASE.jar;C:\Users\zero\.m2\repository\org\springframework\boot\spring-boot-starter-web\2.2.10.BUILD-SNAPSHOT\spring-boot-starter-web-2.2.10.BUILD-SNAPSHOT.jar;C:\Users\zero\.m2\repository\org\springframework\boot\spring-boot-starter-json\2.2.10.BUILD-SNAPSHOT\spring-boot-starter-json-2.2.10.BUILD-SNAPSHOT.jar;C:\Users\zero\.m2\repository\com\fasterxml\jackson\core\jackson-databind\2.10.5\jackson-databind-2.10.5.jar;C:\Users\zero\.m2\repository\com\fasterxml\jackson\core\jackson-annotations\2.10.5\jackson-annotations-2.10.5.jar;C:\Users\zero\.m2\repository\com\fasterxml\jackson\core\jackson-core\2.10.5\jackson-core-2.10.5.jar;C:\Users\zero\.m2\repository\com\fasterxml\jackson\datatype\jackson-datatype-jdk8\2.10.5\jackson-datatype-jdk8-2.10.5.jar;C:\Users\zero\.m2\repository\com\fasterxml\jackson\datatype\jackson-datatype-jsr310\2.10.5\jackson-datatype-jsr310-2.10.5.jar;C:\Users\zero\.m2\repository\com\fasterxml\jackson\module\jackson-module-parameter-names\2.10.5\jackson-module-parameter-names-2.10.5.jar;C:\Users\zero\.m2\repository\org\springframework\boot\spring-boot-starter-tomcat\2.2.10.BUILD-SNAPSHOT\spring-boot-starter-tomcat-2.2.10.BUILD-SNAPSHOT.jar;C:\Users\zero\.m2\repository\org\apache\tomcat\embed\tomcat-embed-core\9.0.37\tomcat-embed-core-9.0.37.jar;C:\Users\zero\.m2\repository\org\apache\tomcat\embed\tomcat-embed-el\9.0.37\tomcat-embed-el-9.0.37.jar;C:\Users\zero\.m2\repository\org\apache\tomcat\embed\tomcat-embed-websocket\9.0.37\tomcat-embed-websocket-9.0.37.jar;C:\Users\zero\.m2\repository\org\springframework\boot\spring-boot-starter-validation\2.2.10.BUILD-SNAPSHOT\spring-boot-starter-validation-2.2.10.BUILD-SNAPSHOT.jar;C:\Users\zero\.m2\repository\jakarta\validation\jakarta.validation-api\2.0.2\jakarta.validation-api-2.0.2.jar;C:\Users\zero\.m2\repository\org\hibernate\validator\hibernate-validator\6.0.20.Final\hibernate-validator-6.0.20.Final.jar;C:\Users\zero\.m2\repository\org\springframework\spring-web\5.2.9.BUILD-SNAPSHOT\spring-web-5.2.9.BUILD-SNAPSHOT.jar;C:\Users\zero\.m2\repository\org\springframework\spring-webmvc\5.2.9.BUILD-SNAPSHOT\spring-webmvc-5.2.9.BUILD-SNAPSHOT.jar;C:\Users\zero\.m2\repository\org\springframework\spring-expression\5.2.9.BUILD-SNAPSHOT\spring-expression-5.2.9.BUILD-SNAPSHOT.jar;C:\Users\zero\.m2\repository\org\springframework\boot\spring-boot-devtools\2.2.10.BUILD-SNAPSHOT\spring-boot-devtools-2.2.10.BUILD-SNAPSHOT.jar;C:\Users\zero\.m2\repository\org\springframework\boot\spring-boot\2.2.10.BUILD-SNAPSHOT\spring-boot-2.2.10.BUILD-SNAPSHOT.jar;C:\Users\zero\.m2\repository\org\springframework\boot\spring-boot-autoconfigure\2.2.10.BUILD-SNAPSHOT\spring-boot-autoconfigure-2.2.10.BUILD-SNAPSHOT.jar;C:\Users\zero\.m2\repository\mysql\mysql-connector-java\8.0.21\mysql-connector-java-8.0.21.jar;C:\Users\zero\.m2\repository\org\springframework\boot\spring-boot-starter-test\2.2.10.BUILD-SNAPSHOT\spring-boot-starter-test-2.2.10.BUILD-SNAPSHOT.jar;C:\Users\zero\.m2\repository\org\springframework\boot\spring-boot-test\2.2.10.BUILD-SNAPSHOT\spring-boot-test-2.2.10.BUILD-SNAPSHOT.jar;C:\Users\zero\.m2\repository\org\springframework\boot\spring-boot-test-autoconfigure\2.2.10.BUILD-SNAPSHOT\spring-boot-test-autoconfigure-2.2.10.BUILD-SNAPSHOT.jar;C:\Users\zero\.m2\repository\com\jayway\jsonpath\json-path\2.4.0\json-path-2.4.0.jar;C:\Users\zero\.m2\repository\net\minidev\json-smart\2.3\json-smart-2.3.jar;C:\Users\zero\.m2\repository\net\minidev\accessors-smart\1.2\accessors-smart-1.2.jar;C:\Users\zero\.m2\repository\org\ow2\asm\asm\5.0.4\asm-5.0.4.jar;C:\Users\zero\.m2\repository\jakarta\xml\bind\jakarta.xml.bind-api\2.3.3\jakarta.xml.bind-api-2.3.3.jar;C:\Users\zero\.m2\repository\jakarta\activation\jakarta.activation-api\1.2.2\jakarta.activation-api-1.2.2.jar;C:\Users\zero\.m2\repository\org\junit\jupiter\junit-jupiter\5.5.2\junit-jupiter-5.5.2.jar;C:\Users\zero\.m2\repository\org\junit\jupiter\junit-jupiter-api\5.5.2\junit-jupiter-api-5.5.2.jar;C:\Users\zero\.m2\repository\org\apiguardian\apiguardian-api\1.1.0\apiguardian-api-1.1.0.jar;C:\Users\zero\.m2\repository\org\opentest4j\opentest4j\1.2.0\opentest4j-1.2.0.jar;C:\Users\zero\.m2\repository\org\junit\platform\junit-platform-commons\1.5.2\junit-platform-commons-1.5.2.jar;C:\Users\zero\.m2\repository\org\junit\jupiter\junit-jupiter-params\5.5.2\junit-jupiter-params-5.5.2.jar;C:\Users\zero\.m2\repository\org\junit\jupiter\junit-jupiter-engine\5.5.2\junit-jupiter-engine-5.5.2.jar;C:\Users\zero\.m2\repository\org\junit\platform\junit-platform-engine\1.5.2\junit-platform-engine-1.5.2.jar;C:\Users\zero\.m2\repository\org\mockito\mockito-junit-jupiter\3.1.0\mockito-junit-jupiter-3.1.0.jar;C:\Users\zero\.m2\repository\org\assertj\assertj-core\3.13.2\assertj-core-3.13.2.jar;C:\Users\zero\.m2\repository\org\hamcrest\hamcrest\2.1\hamcrest-2.1.jar;C:\Users\zero\.m2\repository\org\mockito\mockito-core\3.1.0\mockito-core-3.1.0.jar;C:\Users\zero\.m2\repository\net\bytebuddy\byte-buddy-agent\1.10.13\byte-buddy-agent-1.10.13.jar;C:\Users\zero\.m2\repository\org\objenesis\objenesis\2.6\objenesis-2.6.jar;C:\Users\zero\.m2\repository\org\skyscreamer\jsonassert\1.5.0\jsonassert-1.5.0.jar;C:\Users\zero\.m2\repository\com\vaadin\external\google\android-json\0.0.20131108.vaadin1\android-json-0.0.20131108.vaadin1.jar;C:\Users\zero\.m2\repository\org\springframework\spring-core\5.2.9.BUILD-SNAPSHOT\spring-core-5.2.9.BUILD-SNAPSHOT.jar;C:\Users\zero\.m2\repository\org\springframework\spring-jcl\5.2.9.BUILD-SNAPSHOT\spring-jcl-5.2.9.BUILD-SNAPSHOT.jar;C:\Users\zero\.m2\repository\org\springframework\spring-test\5.2.9.BUILD-SNAPSHOT\spring-test-5.2.9.BUILD-SNAPSHOT.jar;C:\Users\zero\.m2\repository\org\xmlunit\xmlunit-core\2.6.4\xmlunit-core-2.6.4.jar;C:\Users\zero\.m2\repository\com\atlassian\commonmark\commonmark\0.15.2\commonmark-0.15.2.jar;C:\Users\zero\.m2\repository\com\atlassian\commonmark\commonmark-ext-heading-anchor\0.15.2\commonmark-ext-heading-anchor-0.15.2.jar;C:\Users\zero\.m2\repository\com\atlassian\commonmark\commonmark-ext-gfm-tables\0.15.2\commonmark-ext-gfm-tables-0.15.2.jar;"/>
    <property name="sun.cpu.endian" value="little"/>
    <property name="user.home" value="C:\Users\zero"/>
    <property name="user.language" value="zh"/>
    <property name="java.specification.vendor" value="Oracle Corporation"/>
    <property name="java.home" value="D:\environment\java_1.8_261\jre"/>
    <property name="basedir" value="D:\IdeaProjects\why_home-master"/>
    <property name="file.separator" value="\"/>
    <property name="line.separator" value="&#10;"/>
    <property name="java.vm.specification.vendor" value="Oracle Corporation"/>
    <property name="java.specification.name" value="Java Platform API Specification"/>
    <property name="java.awt.graphicsenv" value="sun.awt.Win32GraphicsEnvironment"/>
    <property name="surefire.real.class.path" value="C:\Users\zero\AppData\Local\Temp\surefire5273520715805256493\surefirebooter4578400977847052636.jar"/>
    <property name="sun.boot.class.path" value="D:\environment\java_1.8_261\jre\lib\resources.jar;D:\environment\java_1.8_261\jre\lib\rt.jar;D:\environment\java_1.8_261\jre\lib\sunrsasign.jar;D:\environment\java_1.8_261\jre\lib\jsse.jar;D:\environment\java_1.8_261\jre\lib\jce.jar;D:\environment\java_1.8_261\jre\lib\charsets.jar;D:\environment\java_1.8_261\jre\lib\jfr.jar;D:\environment\java_1.8_261\jre\classes"/>
    <property name="user.script" value=""/>
    <property name="sun.management.compiler" value="HotSpot 64-Bit Tiered Compilers"/>
    <property name="java.runtime.version" value="1.8.0_261-b12"/>
    <property name="user.name" value="zero"/>
    <property name="path.separator" value=";"/>
    <property name="os.version" value="10.0"/>
    <property name="java.endorsed.dirs" value="D:\environment\java_1.8_261\jre\lib\endorsed"/>
    <property name="java.runtime.name" value="Java(TM) SE Runtime Environment"/>
    <property name="file.encoding" value="GBK"/>
    <property name="java.vm.name" value="Java HotSpot(TM) 64-Bit Server VM"/>
    <property name="localRepository" value="C:\Users\zero\.m2\repository"/>
    <property name="java.vendor.url.bug" value="http://bugreport.sun.com/bugreport/"/>
    <property name="java.io.tmpdir" value="C:\Users\zero\AppData\Local\Temp\"/>
    <property name="java.version" value="1.8.0_261"/>
    <property name="user.dir" value="D:\IdeaProjects\why_home-master"/>
    <property name="os.arch" value="amd64"/>
    <property name="java.vm.specification.name" value="Java Virtual Machine Specification"/>
    <property name="java.awt.printerjob" value="sun.awt.windows.WPrinterJob"/>
    <property name="sun.os.patch.level" value=""/>
    <property name="idea.version2019.2" value="true"/>
    <property name="java.library.path" value="D:\environment\java_1.8_261\jre\bin;C:\WINDOWS\Sun\Java\bin;C:\WINDOWS\system32;C:\WINDOWS;F:\Program\IntelliJ IDEA 2019.2\jbr\\bin;F:\Program\IntelliJ IDEA 2019.2\jbr\\bin\server;C:\Program Files (x86)\Common Files\Oracle\Java\javapath;F:\Program\Xshell 6.0\;C:\WINDOWS\system32;C:\WINDOWS;C:\WINDOWS\System32\Wbem;C:\WINDOWS\System32\WindowsPowerShell\v1.0\;C:\Users\zero\AppData\Local\Programs\Python\Python36;C:\WINDOWS\System32\OpenSSH\;C:\Users\zero\Appdata\Local\Programs\Python\Python36\Scripts;C:\Program Files\dotnet\;C:\TC;F:\Program\Matlab 2017a\runtime\win64;F:\Program\Matlab 2017a\bin;F:\Program\CTEX\CTeX;F:\Program\CTEX\CTeX\Packages\ctex\bin;F:\Program\CTEX\CTeX\Packages\cct\bin;F:\Program\CTEX\CTeX\Packages\ty\bin;C:\Program Files (x86)\Google\Chrome\Application;D:\environment\java_1.8_261\bin;D:\environment\java_1.8_261\jre\bin;F:\Program\Nodejs\;F:\Program\Git\cmd;F:\Program\texlive\2019\bin\win32;F:\Program\Anaconda3;F:\Program\Anaconda3\Library\mingw-w64\bin;F:\Program\Anaconda3\Library\usr\bin;F:\Program\Anaconda3\Library\bin;F:\Program\Anaconda3\Scripts;C:\Users\zero\AppData\Local\Microsoft\WindowsApps;C:\texlive\2018\bin\win32;F:\Program\PyCharm 2019.2\bin;;%IntelliJ IDEA%;C:\Program Files (x86)\Google\Chrome\Application;C:\Users\zero\AppData\Roaming\npm;F:\Program\WebStorm 2020.02\bin;;;."/>
    <property name="java.vm.info" value="mixed mode"/>
    <property name="java.vendor" value="Oracle Corporation"/>
    <property name="java.vm.version" value="25.261-b12"/>
    <property name="java.ext.dirs" value="D:\environment\java_1.8_261\jre\lib\ext;C:\WINDOWS\Sun\Java\lib\ext"/>
    <property name="sun.io.unicode.encoding" value="UnicodeLittle"/>
    <property name="java.class.version" value="52.0"/>
  </properties>
  <testcase name="contextLoads" classname="com.why.home.back_end.BackEndApplicationTests" time="0.076"/>
</testsuite>